make[1]: Entering directory `/home/b10901193/DSD_Final/Src'
vcs Final_tb.v slow_memory.v ../Syn/CHIP_syn.v  -v /usr/cad/designkit/digital/T13/CBDK_IC_Contest_v2.5/Verilog/tsmc13_neg.v -full64 -R -debug_access+all +v2k +define+Conv \
+define+SDF  +define+SDF_FILE=\"../Syn/CHIP_syn.sdf\" +define+CYCLE=2.5 +neg_tchk 
*** Using c compiler gcc instead of cc ...
                         Chronologic VCS (TM)
       Version R-2020.12-SP2_Full64 -- Mon Jun 17 13:54:44 2024

                    Copyright (c) 1991 - 2021 Synopsys, Inc.
   This software and the associated documentation are proprietary to Synopsys,
 Inc. This software may only be used in accordance with the terms and conditions
 of a written license agreement with Synopsys, Inc. All other use, reproduction,
            or distribution of this software is strictly prohibited.

Parsing design file 'Final_tb.v'
Parsing included file '../Q_Sort/data_gen/TestBed_QSort.v'.
Back to file 'Final_tb.v'.
Parsing design file 'slow_memory.v'
Parsing design file '../Syn/CHIP_syn.v'
Parsing library file '/usr/cad/designkit/digital/T13/CBDK_IC_Contest_v2.5/Verilog/tsmc13_neg.v'
Top Level Modules:
       Final_tb
TimeScale is 1 ns / 1 ps

Warning-[TFIPC] Too few instance port connections
../Syn/CHIP_syn.v, 757
register_file, "DFFX1 \reg_data_r_reg[21][29] ( .D (n2861),  .CK (clk),  .Q (n164));"
  The above instance has fewer port connections than the module definition.
  Please use '+lint=TFIPC-L' to print out detailed information of unconnected 
  ports.


Warning-[TFIPC] Too few instance port connections
../Syn/CHIP_syn.v, 7310
dum_mul, "EDFFXL CLK_r_REG31_S2( .D (N27),  .E (n1618),  .CK (clk),  .Q (n1662));"
  The above instance has fewer port connections than the module definition.
  Please use '+lint=TFIPC-L' to print out detailed information of unconnected 
  ports.


Warning-[TFIPC] Too few instance port connections
../Syn/CHIP_syn.v, 7311
dum_mul, "EDFFXL CLK_r_REG34_S2( .D (N26),  .E (n1619),  .CK (clk),  .Q (n1661));"
  The above instance has fewer port connections than the module definition.
  Please use '+lint=TFIPC-L' to print out detailed information of unconnected 
  ports.


Warning-[TFIPC] Too few instance port connections
../Syn/CHIP_syn.v, 7312
dum_mul, "EDFFXL CLK_r_REG37_S2( .D (N25),  .E (n1620),  .CK (clk),  .Q (n1660));"
  The above instance has fewer port connections than the module definition.
  Please use '+lint=TFIPC-L' to print out detailed information of unconnected 
  ports.


Warning-[TFIPC] Too few instance port connections
../Syn/CHIP_syn.v, 7313
dum_mul, "EDFFXL CLK_r_REG43_S2( .D (n1666),  .E (n1618),  .CK (clk),  .Q (result[20]));"
  The above instance has fewer port connections than the module definition.
  Please use '+lint=TFIPC-L' to print out detailed information of unconnected 
  ports.


Warning-[TFIPC] Too few instance port connections
../Syn/CHIP_syn.v, 7314
dum_mul, "EDFFXL CLK_r_REG9_S1( .D (n1667),  .E (n1618),  .CK (clk),  .Q (result[19]));"
  The above instance has fewer port connections than the module definition.
  Please use '+lint=TFIPC-L' to print out detailed information of unconnected 
  ports.


Warning-[TFIPC] Too few instance port connections
../Syn/CHIP_syn.v, 7315
dum_mul, "EDFFXL CLK_r_REG4_S1( .D (n1668),  .E (n1619),  .CK (clk),  .Q (result[18]));"
  The above instance has fewer port connections than the module definition.
  Please use '+lint=TFIPC-L' to print out detailed information of unconnected 
  ports.


Warning-[TFIPC] Too few instance port connections
../Syn/CHIP_syn.v, 7316
dum_mul, "EDFFXL CLK_r_REG7_S1( .D (n1669),  .E (n1620),  .CK (clk),  .Q (result[17]));"
  The above instance has fewer port connections than the module definition.
  Please use '+lint=TFIPC-L' to print out detailed information of unconnected 
  ports.


Warning-[TFIPC] Too few instance port connections
../Syn/CHIP_syn.v, 7317
dum_mul, "EDFFX1 CLK_r_REG49_S1( .D (n1681),  .E (n65),  .CK (clk),  .Q (result[5]));"
  The above instance has fewer port connections than the module definition.
  Please use '+lint=TFIPC-L' to print out detailed information of unconnected 
  ports.


Warning-[TFIPC] Too few instance port connections
../Syn/CHIP_syn.v, 7318
dum_mul, "EDFFX1 CLK_r_REG55_S2( .D (n1684),  .E (n1622),  .CK (clk),  .Q (result[2]));"
  The above instance has fewer port connections than the module definition.
  Please use '+lint=TFIPC-L' to print out detailed information of unconnected 
  ports.


Warning-[TFIPC] Too few instance port connections
../Syn/CHIP_syn.v, 7319
dum_mul, "EDFFX1 CLK_r_REG56_S2( .D (n1686),  .E (n1622),  .CK (clk),  .Q (result[0]));"
  The above instance has fewer port connections than the module definition.
  Please use '+lint=TFIPC-L' to print out detailed information of unconnected 
  ports.


Warning-[TFIPC] Too few instance port connections
../Syn/CHIP_syn.v, 7322
dum_mul, "EDFFXL CLK_r_REG40_S2( .D (N24),  .E (n1620),  .CK (clk),  .Q (n1659));"
  The above instance has fewer port connections than the module definition.
  Please use '+lint=TFIPC-L' to print out detailed information of unconnected 
  ports.


Warning-[TFIPC] Too few instance port connections
../Syn/CHIP_syn.v, 7323
dum_mul, "EDFFXL CLK_r_REG27_S2( .D (N28),  .E (n1619),  .CK (clk),  .Q (n1663));"
  The above instance has fewer port connections than the module definition.
  Please use '+lint=TFIPC-L' to print out detailed information of unconnected 
  ports.


Warning-[TFIPC] Too few instance port connections
../Syn/CHIP_syn.v, 7324
dum_mul, "EDFFX2 \mult_x_1/CLK_r_REG63_S1 ( .D (\mult_x_1/a[28] ),  .E (n1622),  .CK (clk),  .Q (n1526));"
  The above instance has fewer port connections than the module definition.
  Please use '+lint=TFIPC-L' to print out detailed information of unconnected 
  ports.


Warning-[TFIPC] Too few instance port connections
../Syn/CHIP_syn.v, 7326
dum_mul, "EDFFX4 \mult_x_1/CLK_r_REG105_S1 ( .D (\mult_x_1/n82 ),  .E (n1618),  .CK (clk),  .Q (n1570));"
  The above instance has fewer port connections than the module definition.
  Please use '+lint=TFIPC-L' to print out detailed information of unconnected 
  ports.


Warning-[TFIPC] Too few instance port connections
../Syn/CHIP_syn.v, 7328
dum_mul, "EDFFXL \mult_x_1/CLK_r_REG92_S1 ( .D (n1520),  .E (n1622),  .CK (clk),  .Q (n1579));"
  The above instance has fewer port connections than the module definition.
  Please use '+lint=TFIPC-L' to print out detailed information of unconnected 
  ports.


Warning-[TFIPC] Too few instance port connections
../Syn/CHIP_syn.v, 7330
dum_mul, "EDFFXL \mult_x_1/CLK_r_REG28_S2 ( .D (\mult_x_1/n241 ),  .E (n1618),  .CK (clk),  .Q (n1617));"
  The above instance has fewer port connections than the module definition.
  Please use '+lint=TFIPC-L' to print out detailed information of unconnected 
  ports.


Warning-[TFIPC] Too few instance port connections
../Syn/CHIP_syn.v, 7332
dum_mul, "EDFFX4 \mult_x_1/CLK_r_REG19_S2 ( .D (\mult_x_1/n225 ),  .E (n1622),  .CK (clk),  .Q (n1615));"
  The above instance has fewer port connections than the module definition.
  Please use '+lint=TFIPC-L' to print out detailed information of unconnected 
  ports.


Warning-[TFIPC] Too few instance port connections
../Syn/CHIP_syn.v, 7334
dum_mul, "EDFFXL \mult_x_1/CLK_r_REG18_S2 ( .D (\mult_x_1/n216 ),  .E (n1618),  .CK (clk),  .Q (n1614));"
  The above instance has fewer port connections than the module definition.
  Please use '+lint=TFIPC-L' to print out detailed information of unconnected 
  ports.


Warning-[TFIPC] Too few instance port connections
../Syn/CHIP_syn.v, 7336
dum_mul, "EDFFX4 \mult_x_1/CLK_r_REG66_S1 ( .D (\mult_x_1/n15 ),  .E (n1620),  .CK (clk),  .Q (n1611));"
  The above instance has fewer port connections than the module definition.
  Please use '+lint=TFIPC-L' to print out detailed information of unconnected 
  ports.


Warning-[TFIPC] Too few instance port connections
../Syn/CHIP_syn.v, 7338
dum_mul, "EDFFX4 \mult_x_1/CLK_r_REG67_S1 ( .D (\mult_x_1/n1478 ),  .E (n1622),  .CK (clk),  .Q (n1610));"
  The above instance has fewer port connections than the module definition.
  Please use '+lint=TFIPC-L' to print out detailed information of unconnected 
  ports.


Warning-[TFIPC] Too few instance port connections
../Syn/CHIP_syn.v, 7342
dum_mul, "EDFFX4 \mult_x_1/CLK_r_REG95_S1 ( .D (\mult_x_1/n1477 ),  .E (n1622),  .CK (clk),  .Q (n1608));"
  The above instance has fewer port connections than the module definition.
  Please use '+lint=TFIPC-L' to print out detailed information of unconnected 
  ports.


Warning-[TFIPC] Too few instance port connections
../Syn/CHIP_syn.v, 7344
dum_mul, "EDFFX4 \mult_x_1/CLK_r_REG90_S1 ( .D (\mult_x_1/n33 ),  .E (n1620),  .CK (clk),  .Q (n1607));"
  The above instance has fewer port connections than the module definition.
  Please use '+lint=TFIPC-L' to print out detailed information of unconnected 
  ports.


Warning-[TFIPC] Too few instance port connections
../Syn/CHIP_syn.v, 7346
dum_mul, "EDFFX4 \mult_x_1/CLK_r_REG88_S1 ( .D (\mult_x_1/n1476 ),  .E (n1620),  .CK (clk),  .Q (n1606));"
  The above instance has fewer port connections than the module definition.
  Please use '+lint=TFIPC-L' to print out detailed information of unconnected 
  ports.


Warning-[TFIPC] Too few instance port connections
../Syn/CHIP_syn.v, 7348
dum_mul, "EDFFX4 \mult_x_1/CLK_r_REG84_S1 ( .D (\mult_x_1/n42 ),  .E (n1622),  .CK (clk),  .Q (n1605));"
  The above instance has fewer port connections than the module definition.
  Please use '+lint=TFIPC-L' to print out detailed information of unconnected 
  ports.


Warning-[TFIPC] Too few instance port connections
../Syn/CHIP_syn.v, 7350
dum_mul, "EDFFX4 \mult_x_1/CLK_r_REG78_S1 ( .D (\mult_x_1/n50 ),  .E (n1622),  .CK (clk),  .Q (n1603));"
  The above instance has fewer port connections than the module definition.
  Please use '+lint=TFIPC-L' to print out detailed information of unconnected 
  ports.


Warning-[TFIPC] Too few instance port connections
../Syn/CHIP_syn.v, 7356
dum_mul, "EDFFX4 \mult_x_1/CLK_r_REG110_S1 ( .D (\mult_x_1/n74 ),  .E (n1622),  .CK (clk),  .Q (n1597));"
  The above instance has fewer port connections than the module definition.
  Please use '+lint=TFIPC-L' to print out detailed information of unconnected 
  ports.


Warning-[TFIPC] Too few instance port connections
../Syn/CHIP_syn.v, 7358
dum_mul, "EDFFX4 \mult_x_1/CLK_r_REG103_S1 ( .D (\mult_x_1/n85 ),  .E (n1622),  .CK (clk),  .Q (n1595));"
  The above instance has fewer port connections than the module definition.
  Please use '+lint=TFIPC-L' to print out detailed information of unconnected 
  ports.


Warning-[TFIPC] Too few instance port connections
../Syn/CHIP_syn.v, 7360
dum_mul, "EDFFXL \mult_x_1/CLK_r_REG58_S1 ( .D (\mult_x_1/n1414 ),  .E (n1622),  .CK (clk),  .Q (n1594));"
  The above instance has fewer port connections than the module definition.
  Please use '+lint=TFIPC-L' to print out detailed information of unconnected 
  ports.


Warning-[TFIPC] Too few instance port connections
../Syn/CHIP_syn.v, 7364
dum_mul, "EDFFXL \mult_x_1/CLK_r_REG69_S1 ( .D (n1522),  .E (n1622),  .CK (clk),  .Q (n1585));"
  The above instance has fewer port connections than the module definition.
  Please use '+lint=TFIPC-L' to print out detailed information of unconnected 
  ports.


Warning-[TFIPC] Too few instance port connections
../Syn/CHIP_syn.v, 7366
dum_mul, "EDFFXL \mult_x_1/CLK_r_REG99_S1 ( .D (n1521),  .E (n1622),  .CK (clk),  .Q (n1582));"
  The above instance has fewer port connections than the module definition.
  Please use '+lint=TFIPC-L' to print out detailed information of unconnected 
  ports.


Warning-[TFIPC] Too few instance port connections
../Syn/CHIP_syn.v, 7372
dum_mul, "EDFFX4 \mult_x_1/CLK_r_REG87_S1 ( .D (\mult_x_1/n30 ),  .E (n1618),  .CK (clk),  .Q (n1578));"
  The above instance has fewer port connections than the module definition.
  Please use '+lint=TFIPC-L' to print out detailed information of unconnected 
  ports.


Warning-[TFIPC] Too few instance port connections
../Syn/CHIP_syn.v, 7376
dum_mul, "EDFFX4 \mult_x_1/CLK_r_REG81_S1 ( .D (\mult_x_1/n39 ),  .E (n1618),  .CK (clk),  .Q (n1576));"
  The above instance has fewer port connections than the module definition.
  Please use '+lint=TFIPC-L' to print out detailed information of unconnected 
  ports.


Warning-[TFIPC] Too few instance port connections
../Syn/CHIP_syn.v, 7380
dum_mul, "EDFFX4 \mult_x_1/CLK_r_REG74_S1 ( .D (\mult_x_1/n48 ),  .E (n1618),  .CK (clk),  .Q (n1574));"
  The above instance has fewer port connections than the module definition.
  Please use '+lint=TFIPC-L' to print out detailed information of unconnected 
  ports.


Warning-[TFIPC] Too few instance port connections
../Syn/CHIP_syn.v, 7384
dum_mul, "EDFFX4 \mult_x_1/CLK_r_REG119_S1 ( .D (\mult_x_1/n55 ),  .E (n1618),  .CK (clk),  .Q (n1572));"
  The above instance has fewer port connections than the module definition.
  Please use '+lint=TFIPC-L' to print out detailed information of unconnected 
  ports.


Warning-[TFIPC] Too few instance port connections
../Syn/CHIP_syn.v, 7389
dum_mul, "EDFFX4 \mult_x_1/CLK_r_REG68_S1 ( .D (\mult_x_1/n120 ),  .E (n1618),  .CK (clk),  .Q (n1568));"
  The above instance has fewer port connections than the module definition.
  Please use '+lint=TFIPC-L' to print out detailed information of unconnected 
  ports.


Warning-[TFIPC] Too few instance port connections
../Syn/CHIP_syn.v, 7391
dum_mul, "EDFFX4 \mult_x_1/CLK_r_REG65_S1 ( .D (\mult_x_1/n122 ),  .E (n1618),  .CK (clk),  .Q (n1567));"
  The above instance has fewer port connections than the module definition.
  Please use '+lint=TFIPC-L' to print out detailed information of unconnected 
  ports.


Warning-[TFIPC] Too few instance port connections
../Syn/CHIP_syn.v, 7393
dum_mul, "EDFFX4 \mult_x_1/CLK_r_REG98_S1 ( .D (\mult_x_1/n124 ),  .E (n1618),  .CK (clk),  .Q (n1566));"
  The above instance has fewer port connections than the module definition.
  Please use '+lint=TFIPC-L' to print out detailed information of unconnected 
  ports.


Warning-[TFIPC] Too few instance port connections
../Syn/CHIP_syn.v, 7395
dum_mul, "EDFFX4 \mult_x_1/CLK_r_REG96_S1 ( .D (\mult_x_1/n126 ),  .E (n1622),  .CK (clk),  .Q (n1565));"
  The above instance has fewer port connections than the module definition.
  Please use '+lint=TFIPC-L' to print out detailed information of unconnected 
  ports.


Warning-[TFIPC] Too few instance port connections
../Syn/CHIP_syn.v, 7397
dum_mul, "EDFFX4 \mult_x_1/CLK_r_REG83_S1 ( .D (\mult_x_1/n134 ),  .E (n1622),  .CK (clk),  .Q (n1561));"
  The above instance has fewer port connections than the module definition.
  Please use '+lint=TFIPC-L' to print out detailed information of unconnected 
  ports.


Warning-[TFIPC] Too few instance port connections
../Syn/CHIP_syn.v, 7403
dum_mul, "EDFFX4 \mult_x_1/CLK_r_REG121_S1 ( .D (\mult_x_1/n142 ),  .E (n1619),  .CK (clk),  .Q (n1557));"
  The above instance has fewer port connections than the module definition.
  Please use '+lint=TFIPC-L' to print out detailed information of unconnected 
  ports.


Warning-[TFIPC] Too few instance port connections
../Syn/CHIP_syn.v, 7405
dum_mul, "EDFFX4 \mult_x_1/CLK_r_REG117_S1 ( .D (\mult_x_1/n144 ),  .E (n1619),  .CK (clk),  .Q (n1556));"
  The above instance has fewer port connections than the module definition.
  Please use '+lint=TFIPC-L' to print out detailed information of unconnected 
  ports.


Warning-[TFIPC] Too few instance port connections
../Syn/CHIP_syn.v, 7407
dum_mul, "EDFFX4 \mult_x_1/CLK_r_REG115_S1 ( .D (\mult_x_1/n146 ),  .E (n1619),  .CK (clk),  .Q (n1555));"
  The above instance has fewer port connections than the module definition.
  Please use '+lint=TFIPC-L' to print out detailed information of unconnected 
  ports.


Warning-[TFIPC] Too few instance port connections
../Syn/CHIP_syn.v, 7409
dum_mul, "EDFFX4 \mult_x_1/CLK_r_REG112_S1 ( .D (\mult_x_1/n148 ),  .E (n1619),  .CK (clk),  .Q (n1554));"
  The above instance has fewer port connections than the module definition.
  Please use '+lint=TFIPC-L' to print out detailed information of unconnected 
  ports.


Warning-[TFIPC] Too few instance port connections
../Syn/CHIP_syn.v, 7413
dum_mul, "EDFFX4 \mult_x_1/CLK_r_REG106_S1 ( .D (\mult_x_1/n151 ),  .E (n1619),  .CK (clk),  .Q (n1552));"
  The above instance has fewer port connections than the module definition.
  Please use '+lint=TFIPC-L' to print out detailed information of unconnected 
  ports.


Warning-[TFIPC] Too few instance port connections
../Syn/CHIP_syn.v, 7415
dum_mul, "EDFFX4 \mult_x_1/CLK_r_REG104_S1 ( .D (\mult_x_1/n152 ),  .E (n1619),  .CK (clk),  .Q (n1551));"
  The above instance has fewer port connections than the module definition.
  Please use '+lint=TFIPC-L' to print out detailed information of unconnected 
  ports.


Warning-[TFIPC] Too few instance port connections
../Syn/CHIP_syn.v, 7417
dum_mul, "EDFFX4 \mult_x_1/CLK_r_REG45_S1 ( .D (\mult_x_1/n153 ),  .E (n1619),  .CK (clk),  .Q (n1550));"
  The above instance has fewer port connections than the module definition.
  Please use '+lint=TFIPC-L' to print out detailed information of unconnected 
  ports.


Warning-[TFIPC] Too few instance port connections
../Syn/CHIP_syn.v, 7419
dum_mul, "EDFFX4 \mult_x_1/CLK_r_REG42_S1 ( .D (\mult_x_1/n154 ),  .E (n1619),  .CK (clk),  .Q (n1549));"
  The above instance has fewer port connections than the module definition.
  Please use '+lint=TFIPC-L' to print out detailed information of unconnected 
  ports.


Warning-[TFIPC] Too few instance port connections
../Syn/CHIP_syn.v, 7421
dum_mul, "EDFFX4 \mult_x_1/CLK_r_REG39_S1 ( .D (\mult_x_1/n155 ),  .E (n1619),  .CK (clk),  .Q (n1548));"
  The above instance has fewer port connections than the module definition.
  Please use '+lint=TFIPC-L' to print out detailed information of unconnected 
  ports.


Warning-[TFIPC] Too few instance port connections
../Syn/CHIP_syn.v, 7423
dum_mul, "EDFFX4 \mult_x_1/CLK_r_REG36_S1 ( .D (\mult_x_1/n156 ),  .E (n1619),  .CK (clk),  .Q (n1547));"
  The above instance has fewer port connections than the module definition.
  Please use '+lint=TFIPC-L' to print out detailed information of unconnected 
  ports.


Warning-[TFIPC] Too few instance port connections
../Syn/CHIP_syn.v, 7425
dum_mul, "EDFFX4 \mult_x_1/CLK_r_REG33_S1 ( .D (\mult_x_1/n157 ),  .E (n1619),  .CK (clk),  .Q (n1546));"
  The above instance has fewer port connections than the module definition.
  Please use '+lint=TFIPC-L' to print out detailed information of unconnected 
  ports.


Warning-[TFIPC] Too few instance port connections
../Syn/CHIP_syn.v, 7427
dum_mul, "EDFFX4 \mult_x_1/CLK_r_REG30_S1 ( .D (\mult_x_1/b[24] ),  .E (n1619),  .CK (clk),  .Q (n1545));"
  The above instance has fewer port connections than the module definition.
  Please use '+lint=TFIPC-L' to print out detailed information of unconnected 
  ports.


Warning-[TFIPC] Too few instance port connections
../Syn/CHIP_syn.v, 7429
dum_mul, "EDFFX4 \mult_x_1/CLK_r_REG26_S1 ( .D (\mult_x_1/b[25] ),  .E (n1619),  .CK (clk),  .Q (n1544));"
  The above instance has fewer port connections than the module definition.
  Please use '+lint=TFIPC-L' to print out detailed information of unconnected 
  ports.


Warning-[TFIPC] Too few instance port connections
../Syn/CHIP_syn.v, 7431
dum_mul, "EDFFX4 \mult_x_1/CLK_r_REG22_S1 ( .D (\mult_x_1/b[26] ),  .E (n1619),  .CK (clk),  .Q (n1543));"
  The above instance has fewer port connections than the module definition.
  Please use '+lint=TFIPC-L' to print out detailed information of unconnected 
  ports.


Warning-[TFIPC] Too few instance port connections
../Syn/CHIP_syn.v, 7433
dum_mul, "EDFFX4 \mult_x_1/CLK_r_REG11_S1 ( .D (\mult_x_1/b[27] ),  .E (n1619),  .CK (clk),  .Q (n1542));"
  The above instance has fewer port connections than the module definition.
  Please use '+lint=TFIPC-L' to print out detailed information of unconnected 
  ports.


Warning-[TFIPC] Too few instance port connections
../Syn/CHIP_syn.v, 7435
dum_mul, "EDFFX4 \mult_x_1/CLK_r_REG62_S1 ( .D (\mult_x_1/b[28] ),  .E (n1619),  .CK (clk),  .Q (n1541));"
  The above instance has fewer port connections than the module definition.
  Please use '+lint=TFIPC-L' to print out detailed information of unconnected 
  ports.


Warning-[TFIPC] Too few instance port connections
../Syn/CHIP_syn.v, 7437
dum_mul, "EDFFX4 \mult_x_1/CLK_r_REG60_S1 ( .D (\mult_x_1/b[29] ),  .E (n1619),  .CK (clk),  .Q (n1540));"
  The above instance has fewer port connections than the module definition.
  Please use '+lint=TFIPC-L' to print out detailed information of unconnected 
  ports.


Warning-[TFIPC] Too few instance port connections
../Syn/CHIP_syn.v, 7439
dum_mul, "EDFFXL \mult_x_1/CLK_r_REG111_S1 ( .D (\mult_x_1/b[31] ),  .E (n1622),  .CK (clk),  .Q (n1539));"
  The above instance has fewer port connections than the module definition.
  Please use '+lint=TFIPC-L' to print out detailed information of unconnected 
  ports.


Warning-[TFIPC] Too few instance port connections
../Syn/CHIP_syn.v, 7448
dum_mul, "EDFFX4 \mult_x_1/CLK_r_REG44_S1 ( .D (\mult_x_1/a[20] ),  .E (n1620),  .CK (clk),  .Q (n1534));"
  The above instance has fewer port connections than the module definition.
  Please use '+lint=TFIPC-L' to print out detailed information of unconnected 
  ports.


Warning-[TFIPC] Too few instance port connections
../Syn/CHIP_syn.v, 7456
dum_mul, "EDFFX4 \mult_x_1/CLK_r_REG32_S1 ( .D (\mult_x_1/a[24] ),  .E (n1620),  .CK (clk),  .Q (n1530));"
  The above instance has fewer port connections than the module definition.
  Please use '+lint=TFIPC-L' to print out detailed information of unconnected 
  ports.


Warning-[TFIPC] Too few instance port connections
../Syn/CHIP_syn.v, 7460
dum_mul, "EDFFX4 \mult_x_1/CLK_r_REG25_S1 ( .D (\mult_x_1/a[26] ),  .E (n1620),  .CK (clk),  .Q (n1528));"
  The above instance has fewer port connections than the module definition.
  Please use '+lint=TFIPC-L' to print out detailed information of unconnected 
  ports.


Warning-[TFIPC] Too few instance port connections
../Syn/CHIP_syn.v, 7468
dum_mul, "EDFFXL \mult_x_1/CLK_r_REG14_S2 ( .D (\mult_x_1/n200 ),  .E (n1620),  .CK (clk),  .Q (n1612));"
  The above instance has fewer port connections than the module definition.
  Please use '+lint=TFIPC-L' to print out detailed information of unconnected 
  ports.


Warning-[TFIPC] Too few instance port connections
../Syn/CHIP_syn.v, 7471
dum_mul, "EDFFXL \mult_x_1/CLK_r_REG12_S2 ( .D (\mult_x_1/n167 ),  .E (n1622),  .CK (clk),  .Q (n1588));"
  The above instance has fewer port connections than the module definition.
  Please use '+lint=TFIPC-L' to print out detailed information of unconnected 
  ports.


Warning-[TFIPC] Too few instance port connections
../Syn/CHIP_syn.v, 7475
dum_mul, "EDFFXL \mult_x_1/CLK_r_REG24_S2 ( .D (\mult_x_1/n232 ),  .E (n1622),  .CK (clk),  .Q (n1616));"
  The above instance has fewer port connections than the module definition.
  Please use '+lint=TFIPC-L' to print out detailed information of unconnected 
  ports.


Warning-[TFIPC] Too few instance port connections
../Syn/CHIP_syn.v, 7477
dum_mul, "EDFFX4 \mult_x_1/CLK_r_REG79_S1 ( .D (\mult_x_1/n136 ),  .E (n1622),  .CK (clk),  .Q (n1560));"
  The above instance has fewer port connections than the module definition.
  Please use '+lint=TFIPC-L' to print out detailed information of unconnected 
  ports.


Warning-[TFIPC] Too few instance port connections
../Syn/CHIP_syn.v, 7479
dum_mul, "EDFFXL CLK_r_REG1_S1( .D (n1671),  .E (n1618),  .CK (clk),  .Q (result[15]));"
  The above instance has fewer port connections than the module definition.
  Please use '+lint=TFIPC-L' to print out detailed information of unconnected 
  ports.


Warning-[TFIPC] Too few instance port connections
../Syn/CHIP_syn.v, 7480
dum_mul, "EDFFXL CLK_r_REG10_S1( .D (n1672),  .E (n1619),  .CK (clk),  .Q (result[14]));"
  The above instance has fewer port connections than the module definition.
  Please use '+lint=TFIPC-L' to print out detailed information of unconnected 
  ports.


Warning-[TFIPC] Too few instance port connections
../Syn/CHIP_syn.v, 7481
dum_mul, "EDFFXL CLK_r_REG5_S1( .D (n1673),  .E (n1620),  .CK (clk),  .Q (result[13]));"
  The above instance has fewer port connections than the module definition.
  Please use '+lint=TFIPC-L' to print out detailed information of unconnected 
  ports.


Warning-[TFIPC] Too few instance port connections
../Syn/CHIP_syn.v, 7484
dum_mul, "EDFFX4 \mult_x_1/CLK_r_REG85_S1 ( .D (\mult_x_1/n132 ),  .E (n1622),  .CK (clk),  .Q (n1562));"
  The above instance has fewer port connections than the module definition.
  Please use '+lint=TFIPC-L' to print out detailed information of unconnected 
  ports.


Warning-[TFIPC] Too few instance port connections
../Syn/CHIP_syn.v, 7486
dum_mul, "EDFFXL CLK_r_REG54_S2( .D (n1670),  .E (n1618),  .CK (clk),  .Q (result[16]));"
  The above instance has fewer port connections than the module definition.
  Please use '+lint=TFIPC-L' to print out detailed information of unconnected 
  ports.


Warning-[TFIPC] Too few instance port connections
../Syn/CHIP_syn.v, 7487
dum_mul, "EDFFXL CLK_r_REG3_S1( .D (n1675),  .E (n1620),  .CK (clk),  .Q (result[11]));"
  The above instance has fewer port connections than the module definition.
  Please use '+lint=TFIPC-L' to print out detailed information of unconnected 
  ports.


Warning-[TFIPC] Too few instance port connections
../Syn/CHIP_syn.v, 7488
dum_mul, "EDFFXL CLK_r_REG6_S1( .D (n1676),  .E (n1619),  .CK (clk),  .Q (result[10]));"
  The above instance has fewer port connections than the module definition.
  Please use '+lint=TFIPC-L' to print out detailed information of unconnected 
  ports.


Warning-[TFIPC] Too few instance port connections
../Syn/CHIP_syn.v, 7489
dum_mul, "EDFFXL \mult_x_1/CLK_r_REG13_S2 ( .D (\mult_x_1/n169 ),  .E (n1622),  .CK (clk),  .Q (n1590));"
  The above instance has fewer port connections than the module definition.
  Please use '+lint=TFIPC-L' to print out detailed information of unconnected 
  ports.


Warning-[TFIPC] Too few instance port connections
../Syn/CHIP_syn.v, 7491
dum_mul, "EDFFXL \mult_x_1/CLK_r_REG15_S2 ( .D (\mult_x_1/n209 ),  .E (n1620),  .CK (clk),  .Q (n1613));"
  The above instance has fewer port connections than the module definition.
  Please use '+lint=TFIPC-L' to print out detailed information of unconnected 
  ports.


Warning-[TFIPC] Too few instance port connections
../Syn/CHIP_syn.v, 7493
dum_mul, "EDFFX4 \mult_x_1/CLK_r_REG91_S1 ( .D (\mult_x_1/n128 ),  .E (n1622),  .CK (clk),  .Q (n1564));"
  The above instance has fewer port connections than the module definition.
  Please use '+lint=TFIPC-L' to print out detailed information of unconnected 
  ports.


Warning-[TFIPC] Too few instance port connections
../Syn/CHIP_syn.v, 7495
dum_mul, "EDFFXL CLK_r_REG2_S1( .D (n1677),  .E (n1619),  .CK (clk),  .Q (result[9]));"
  The above instance has fewer port connections than the module definition.
  Please use '+lint=TFIPC-L' to print out detailed information of unconnected 
  ports.


Warning-[TFIPC] Too few instance port connections
../Syn/CHIP_syn.v, 7496
dum_mul, "EDFFXL CLK_r_REG50_S1( .D (n1678),  .E (n1620),  .CK (clk),  .Q (result[8]));"
  The above instance has fewer port connections than the module definition.
  Please use '+lint=TFIPC-L' to print out detailed information of unconnected 
  ports.


Warning-[TFIPC] Too few instance port connections
../Syn/CHIP_syn.v, 7497
dum_mul, "EDFFXL CLK_r_REG47_S1( .D (n1680),  .E (n1619),  .CK (clk),  .Q (result[6]));"
  The above instance has fewer port connections than the module definition.
  Please use '+lint=TFIPC-L' to print out detailed information of unconnected 
  ports.


Warning-[TFIPC] Too few instance port connections
../Syn/CHIP_syn.v, 7498
dum_mul, "EDFFXL CLK_r_REG46_S1( .D (n1682),  .E (n1620),  .CK (clk),  .Q (result[4]));"
  The above instance has fewer port connections than the module definition.
  Please use '+lint=TFIPC-L' to print out detailed information of unconnected 
  ports.


Warning-[TFIPC] Too few instance port connections
../Syn/CHIP_syn.v, 7499
dum_mul, "EDFFXL CLK_r_REG52_S1( .D (n1683),  .E (n1619),  .CK (clk),  .Q (result[3]));"
  The above instance has fewer port connections than the module definition.
  Please use '+lint=TFIPC-L' to print out detailed information of unconnected 
  ports.


Warning-[TFIPC] Too few instance port connections
../Syn/CHIP_syn.v, 7500
dum_mul, "EDFFXL CLK_r_REG48_S1( .D (n1685),  .E (n1620),  .CK (clk),  .Q (result[1]));"
  The above instance has fewer port connections than the module definition.
  Please use '+lint=TFIPC-L' to print out detailed information of unconnected 
  ports.


Warning-[TFIPC] Too few instance port connections
../Syn/CHIP_syn.v, 7501
dum_mul, "EDFFX2 \mult_x_1/CLK_r_REG20_S2 ( .D (\mult_x_1/n170 ),  .E (n1622),  .CK (clk),  .Q (n1591));"
  The above instance has fewer port connections than the module definition.
  Please use '+lint=TFIPC-L' to print out detailed information of unconnected 
  ports.


Warning-[TFIPC] Too few instance port connections
../Syn/CHIP_syn.v, 7503
dum_mul, "EDFFX2 \mult_x_1/CLK_r_REG16_S2 ( .D (\mult_x_1/n168 ),  .E (n1622),  .CK (clk),  .Q (n1589));"
  The above instance has fewer port connections than the module definition.
  Please use '+lint=TFIPC-L' to print out detailed information of unconnected 
  ports.


Warning-[TFIPC] Too few instance port connections
../Syn/CHIP_syn.v, 7505
dum_mul, "EDFFXL CLK_r_REG51_S1( .D (n1679),  .E (n1619),  .CK (clk),  .Q (result[7]));"
  The above instance has fewer port connections than the module definition.
  Please use '+lint=TFIPC-L' to print out detailed information of unconnected 
  ports.


Warning-[TFIPC] Too few instance port connections
../Syn/CHIP_syn.v, 7506
dum_mul, "EDFFXL CLK_r_REG8_S1( .D (n1674),  .E (n1620),  .CK (clk),  .Q (result[12]));"
  The above instance has fewer port connections than the module definition.
  Please use '+lint=TFIPC-L' to print out detailed information of unconnected 
  ports.


Warning-[TFIPC] Too few instance port connections
../Syn/CHIP_syn.v, 7507
dum_mul, "EDFFX1 \mult_x_1/CLK_r_REG59_S1 ( .D (\mult_x_1/a[30] ),  .E (n1622),  .CK (clk),  .Q (n1524));"
  The above instance has fewer port connections than the module definition.
  Please use '+lint=TFIPC-L' to print out detailed information of unconnected 
  ports.


Warning-[TFIPC] Too few instance port connections
../Syn/CHIP_syn.v, 7509
dum_mul, "EDFFX4 \mult_x_1/CLK_r_REG89_S1 ( .D (\mult_x_1/n130 ),  .E (n1622),  .CK (clk),  .Q (n1563));"
  The above instance has fewer port connections than the module definition.
  Please use '+lint=TFIPC-L' to print out detailed information of unconnected 
  ports.


Warning-[TFIPC] Too few instance port connections
../Syn/CHIP_syn.v, 7511
dum_mul, "EDFFXL \mult_x_1/CLK_r_REG17_S2 ( .D (\mult_x_1/n171 ),  .E (n1622),  .CK (clk),  .Q (n1592));"
  The above instance has fewer port connections than the module definition.
  Please use '+lint=TFIPC-L' to print out detailed information of unconnected 
  ports.


Warning-[TFIPC] Too few instance port connections
../Syn/CHIP_syn.v, 7514
dum_mul, "EDFFX1 \mult_x_1/CLK_r_REG23_S2 ( .D (\mult_x_1/n172 ),  .E (n1622),  .CK (clk),  .Q (n1593));"
  The above instance has fewer port connections than the module definition.
  Please use '+lint=TFIPC-L' to print out detailed information of unconnected 
  ports.


Warning-[TFIPC] Too few instance port connections
../Syn/CHIP_syn.v, 7516
dum_mul, "EDFFX2 \mult_x_1/CLK_r_REG75_S1 ( .D (\mult_x_1/n1474 ),  .E (n1622),  .CK (clk),  .Q (n1602));"
  The above instance has fewer port connections than the module definition.
  Please use '+lint=TFIPC-L' to print out detailed information of unconnected 
  ports.


Warning-[TFIPC] Too few instance port connections
../Syn/CHIP_syn.v, 7518
dum_mul, "EDFFX2 \mult_x_1/CLK_r_REG114_S1 ( .D (\mult_x_1/n1472 ),  .E (n1622),  .CK (clk),  .Q (n1598));"
  The above instance has fewer port connections than the module definition.
  Please use '+lint=TFIPC-L' to print out detailed information of unconnected 
  ports.


Warning-[TFIPC] Too few instance port connections
../Syn/CHIP_syn.v, 7519
dum_mul, "EDFFX2 \mult_x_1/CLK_r_REG82_S1 ( .D (\mult_x_1/n1475 ),  .E (n1622),  .CK (clk),  .Q (n1604));"
  The above instance has fewer port connections than the module definition.
  Please use '+lint=TFIPC-L' to print out detailed information of unconnected 
  ports.


Warning-[TFIPC] Too few instance port connections
../Syn/CHIP_syn.v, 7521
dum_mul, "EDFFX2 \mult_x_1/CLK_r_REG108_S1 ( .D (\mult_x_1/n1471 ),  .E (n1622),  .CK (clk),  .Q (n1596));"
  The above instance has fewer port connections than the module definition.
  Please use '+lint=TFIPC-L' to print out detailed information of unconnected 
  ports.


Warning-[TFIPC] Too few instance port connections
../Syn/CHIP_syn.v, 7522
dum_mul, "EDFFX2 \mult_x_1/CLK_r_REG120_S1 ( .D (\mult_x_1/n1473 ),  .E (n1622),  .CK (clk),  .Q (n1600));"
  The above instance has fewer port connections than the module definition.
  Please use '+lint=TFIPC-L' to print out detailed information of unconnected 
  ports.


Warning-[TFIPC] Too few instance port connections
../Syn/CHIP_syn.v, 14363
CHIP, "DFFX1 \I_cache/u_cache/iset_0/gen_blk2[6].l/tag_r_reg[21] ( .D (n10133),  .CK (clk),  .QN (n11845));"
  The above instance has fewer port connections than the module definition.
  Please use '+lint=TFIPC-L' to print out detailed information of unconnected 
  ports.


Warning-[TFIPC] Too few instance port connections
../Syn/CHIP_syn.v, 14365
CHIP, "DFFX1 \I_cache/u_cache/iset_0/gen_blk2[6].l/tag_r_reg[19] ( .D (n10135),  .CK (clk),  .QN (n11850));"
  The above instance has fewer port connections than the module definition.
  Please use '+lint=TFIPC-L' to print out detailed information of unconnected 
  ports.


Warning-[TFIPC] Too few instance port connections
../Syn/CHIP_syn.v, 14371
CHIP, "DFFX1 \I_cache/u_cache/iset_0/gen_blk2[6].l/tag_r_reg[8] ( .D (n10146),  .CK (clk),  .QN (n11841));"
  The above instance has fewer port connections than the module definition.
  Please use '+lint=TFIPC-L' to print out detailed information of unconnected 
  ports.


Warning-[TFIPC] Too few instance port connections
../Syn/CHIP_syn.v, 14373
CHIP, "DFFX1 \I_cache/u_cache/iset_0/gen_blk2[6].l/tag_r_reg[17] ( .D (n10137),  .CK (clk),  .QN (n11852));"
  The above instance has fewer port connections than the module definition.
  Please use '+lint=TFIPC-L' to print out detailed information of unconnected 
  ports.


Warning-[TFIPC] Too few instance port connections
../Syn/CHIP_syn.v, 14375
CHIP, "DFFX1 \I_cache/u_cache/iset_0/gen_blk2[6].l/tag_r_reg[12] ( .D (n10142),  .CK (clk),  .QN (n11851));"
  The above instance has fewer port connections than the module definition.
  Please use '+lint=TFIPC-L' to print out detailed information of unconnected 
  ports.


Warning-[TFIPC] Too few instance port connections
../Syn/CHIP_syn.v, 14377
CHIP, "DFFX1 \I_cache/u_cache/iset_0/gen_blk2[6].l/tag_r_reg[14] ( .D (n10140),  .CK (clk),  .QN (n11849));"
  The above instance has fewer port connections than the module definition.
  Please use '+lint=TFIPC-L' to print out detailed information of unconnected 
  ports.


Warning-[TFIPC] Too few instance port connections
../Syn/CHIP_syn.v, 14379
CHIP, "DFFX1 \I_cache/u_cache/iset_0/gen_blk2[6].l/tag_r_reg[1] ( .D (n10153),  .CK (clk),  .QN (n11848));"
  The above instance has fewer port connections than the module definition.
  Please use '+lint=TFIPC-L' to print out detailed information of unconnected 
  ports.


Warning-[TFIPC] Too few instance port connections
../Syn/CHIP_syn.v, 14381
CHIP, "DFFX1 \I_cache/u_cache/iset_0/gen_blk2[6].l/tag_r_reg[0] ( .D (n10154),  .CK (clk),  .QN (n11847));"
  The above instance has fewer port connections than the module definition.
  Please use '+lint=TFIPC-L' to print out detailed information of unconnected 
  ports.


Warning-[TFIPC] Too few instance port connections
../Syn/CHIP_syn.v, 14383
CHIP, "DFFX1 \I_cache/u_cache/iset_0/gen_blk2[6].l/tag_r_reg[16] ( .D (n10138),  .CK (clk),  .QN (n11844));"
  The above instance has fewer port connections than the module definition.
  Please use '+lint=TFIPC-L' to print out detailed information of unconnected 
  ports.


Warning-[TFIPC] Too few instance port connections
../Syn/CHIP_syn.v, 14412
CHIP, "DFFX1 \I_cache/u_cache/iset_0/gen_blk2[6].l/data_r_reg[92] ( .D (n10190),  .CK (clk),  .QN (n11902));"
  The above instance has fewer port connections than the module definition.
  Please use '+lint=TFIPC-L' to print out detailed information of unconnected 
  ports.


Warning-[TFIPC] Too few instance port connections
../Syn/CHIP_syn.v, 14414
CHIP, "DFFX1 \I_cache/u_cache/iset_0/gen_blk2[6].l/data_r_reg[124] ( .D (n10158),  .CK (clk),  .QN (n11910));"
  The above instance has fewer port connections than the module definition.
  Please use '+lint=TFIPC-L' to print out detailed information of unconnected 
  ports.


Warning-[TFIPC] Too few instance port connections
../Syn/CHIP_syn.v, 14416
CHIP, "DFFX1 \I_cache/u_cache/iset_0/gen_blk2[6].l/data_r_reg[108] ( .D (n10174),  .CK (clk),  .QN (n11907));"
  The above instance has fewer port connections than the module definition.
  Please use '+lint=TFIPC-L' to print out detailed information of unconnected 
  ports.


Warning-[TFIPC] Too few instance port connections
../Syn/CHIP_syn.v, 14418
CHIP, "DFFX1 \I_cache/u_cache/iset_0/gen_blk2[6].l/data_r_reg[104] ( .D (n10178),  .CK (clk),  .QN (n11905));"
  The above instance has fewer port connections than the module definition.
  Please use '+lint=TFIPC-L' to print out detailed information of unconnected 
  ports.


Warning-[TFIPC] Too few instance port connections
../Syn/CHIP_syn.v, 14420
CHIP, "DFFX1 \I_cache/u_cache/iset_0/gen_blk2[6].l/data_r_reg[74] ( .D (n10208),  .CK (clk),  .QN (n11894));"
  The above instance has fewer port connections than the module definition.
  Please use '+lint=TFIPC-L' to print out detailed information of unconnected 
  ports.


Warning-[TFIPC] Too few instance port connections
../Syn/CHIP_syn.v, 14422
CHIP, "DFFX1 \I_cache/u_cache/iset_0/gen_blk2[6].l/data_r_reg[75] ( .D (n10207),  .CK (clk),  .QN (n11895));"
  The above instance has fewer port connections than the module definition.
  Please use '+lint=TFIPC-L' to print out detailed information of unconnected 
  ports.


Warning-[TFIPC] Too few instance port connections
../Syn/CHIP_syn.v, 14424
CHIP, "DFFX1 \I_cache/u_cache/iset_0/gen_blk2[6].l/data_r_reg[79] ( .D (n10203),  .CK (clk),  .QN (n11898));"
  The above instance has fewer port connections than the module definition.
  Please use '+lint=TFIPC-L' to print out detailed information of unconnected 
  ports.


Warning-[TFIPC] Too few instance port connections
../Syn/CHIP_syn.v, 14426
CHIP, "DFFX1 \I_cache/u_cache/iset_0/gen_blk2[6].l/data_r_reg[78] ( .D (n10204),  .CK (clk),  .QN (n11897));"
  The above instance has fewer port connections than the module definition.
  Please use '+lint=TFIPC-L' to print out detailed information of unconnected 
  ports.


Warning-[TFIPC] Too few instance port connections
../Syn/CHIP_syn.v, 14450
CHIP, "DFFX1 \I_cache/u_cache/iset_0/gen_blk2[6].l/data_r_reg[76] ( .D (n10206),  .CK (clk),  .QN (n11896));"
  The above instance has fewer port connections than the module definition.
  Please use '+lint=TFIPC-L' to print out detailed information of unconnected 
  ports.


Warning-[TFIPC] Too few instance port connections
../Syn/CHIP_syn.v, 14452
CHIP, "DFFX1 \I_cache/u_cache/iset_0/gen_blk2[6].l/data_r_reg[72] ( .D (n10210),  .CK (clk),  .QN (n11893));"
  The above instance has fewer port connections than the module definition.
  Please use '+lint=TFIPC-L' to print out detailed information of unconnected 
  ports.


Warning-[TFIPC] Too few instance port connections
../Syn/CHIP_syn.v, 14457
CHIP, "DFFX1 \I_cache/u_cache/iset_0/gen_blk2[6].l/data_r_reg[127] ( .D (n10155),  .CK (clk),  .QN (n11911));"
  The above instance has fewer port connections than the module definition.
  Please use '+lint=TFIPC-L' to print out detailed information of unconnected 
  ports.


Warning-[TFIPC] Too few instance port connections
../Syn/CHIP_syn.v, 14459
CHIP, "DFFX1 \I_cache/u_cache/iset_0/gen_blk2[6].l/data_r_reg[112] ( .D (n10170),  .CK (clk),  .QN (n11909));"
  The above instance has fewer port connections than the module definition.
  Please use '+lint=TFIPC-L' to print out detailed information of unconnected 
  ports.


Warning-[TFIPC] Too few instance port connections
../Syn/CHIP_syn.v, 14461
CHIP, "DFFX1 \I_cache/u_cache/iset_0/gen_blk2[6].l/data_r_reg[107] ( .D (n10175),  .CK (clk),  .QN (n11906));"
  The above instance has fewer port connections than the module definition.
  Please use '+lint=TFIPC-L' to print out detailed information of unconnected 
  ports.


Warning-[TFIPC] Too few instance port connections
../Syn/CHIP_syn.v, 14463
CHIP, "DFFX1 \I_cache/u_cache/iset_0/gen_blk2[6].l/data_r_reg[111] ( .D (n10171),  .CK (clk),  .QN (n11908));"
  The above instance has fewer port connections than the module definition.
  Please use '+lint=TFIPC-L' to print out detailed information of unconnected 
  ports.


Warning-[TFIPC] Too few instance port connections
../Syn/CHIP_syn.v, 14473
CHIP, "DFFX1 \I_cache/u_cache/iset_0/gen_blk2[6].l/data_r_reg[95] ( .D (n10187),  .CK (clk),  .QN (n11904));"
  The above instance has fewer port connections than the module definition.
  Please use '+lint=TFIPC-L' to print out detailed information of unconnected 
  ports.


Warning-[TFIPC] Too few instance port connections
../Syn/CHIP_syn.v, 14475
CHIP, "DFFX1 \I_cache/u_cache/iset_0/gen_blk2[6].l/data_r_reg[94] ( .D (n10188),  .CK (clk),  .QN (n11903));"
  The above instance has fewer port connections than the module definition.
  Please use '+lint=TFIPC-L' to print out detailed information of unconnected 
  ports.


Warning-[TFIPC] Too few instance port connections
../Syn/CHIP_syn.v, 14477
CHIP, "DFFX1 \I_cache/u_cache/iset_0/gen_blk2[6].l/data_r_reg[91] ( .D (n10191),  .CK (clk),  .QN (n11901));"
  The above instance has fewer port connections than the module definition.
  Please use '+lint=TFIPC-L' to print out detailed information of unconnected 
  ports.


Warning-[TFIPC] Too few instance port connections
../Syn/CHIP_syn.v, 14479
CHIP, "DFFX1 \I_cache/u_cache/iset_0/gen_blk2[6].l/data_r_reg[90] ( .D (n10192),  .CK (clk),  .QN (n11900));"
  The above instance has fewer port connections than the module definition.
  Please use '+lint=TFIPC-L' to print out detailed information of unconnected 
  ports.


Warning-[TFIPC] Too few instance port connections
../Syn/CHIP_syn.v, 14481
CHIP, "DFFX1 \I_cache/u_cache/iset_0/gen_blk2[6].l/data_r_reg[80] ( .D (n10202),  .CK (clk),  .QN (n11899));"
  The above instance has fewer port connections than the module definition.
  Please use '+lint=TFIPC-L' to print out detailed information of unconnected 
  ports.


   ***   $sdf_annotate() version 1.2R
   ***    SDF file: "../Syn/CHIP_syn.sdf"
   ***    Annotation scope: Final_tb.chip0
   ***    No MTM selection argument specified
   ***    No SCALE FACTORS argument specified
   ***    No SCALE TYPE argument specified
   ***    MTM selection defaulted to "TOOL_CONTROL":
               (+typdelays compiled, TYPICAL delays selected)
   ***    SCALE FACTORS defaulted to "1.0:1.0:1.0":
   ***    SCALE TYPE defaulted to: "FROM_MTM"
   ***    Turnoff delay: "FROM_FILE"
   ***    Approximation (mipd) policy: "MAXIMUM"

   ***    SDF annotation begin: Mon Jun 17 13:54:46 2024


SDF Info: +pulse_r/100, +pulse_e/100 in effect

Warning-[SDFCOM_SWC] Simple Wire Connection
../Syn/CHIP_syn.sdf, 47191
module: NAND3X8, "instance: Final_tb.chip0.U14645"
  SDF Warning: The path from U14645.Y to \i_RISCV/mul_inst .U4.A doesn't have 
  a simple wire connection, delay will still be annotated.


          Total errors: 0
          Total warnings: 1
   ***    SDF annotation completed: Mon Jun 17 13:54:47 2024


Starting vcs inline pass...
199 modules and 4 UDPs read.
recompiling module TestBed
recompiling module Final_tb
Both modules done.
	However, due to incremental compilation, only 2 modules need to be compiled. 
make[2]: Entering directory `/home/b10901193/DSD_Final/Src/csrc'
rm -f _cuarc*.so _csrc*.so pre_vcsobj_*.so share_vcsobj_*.so
ld -shared  -Bsymbolic   -o .//../simv.daidir//_cuarc0.so objs/amcQw_d.o 
rm -f _cuarc0.so
if [ -x ../simv ]; then chmod a-x ../simv; fi
g++  -o ../simv      -rdynamic  -Wl,-rpath='$ORIGIN'/simv.daidir -Wl,-rpath=./simv.daidir -Wl,-rpath=/usr/cad/synopsys/vcs/cur/linux64/lib -L/usr/cad/synopsys/vcs/cur/linux64/lib  -Wl,-rpath-link=./  /usr/lib64/libnuma.so.1     _15399_archive_1.so _prev_archive_1.so _cuarc0.so objs/udps/U7Vwg.o objs/udps/CjLsY.o objs/udps/exIG1.o objs/udps/Cpxa2.o  SIM_l.o      rmapats_mop.o rmapats.o rmar.o rmar_nd.o  rmar_llvm_0_1.o rmar_llvm_0_0.o           -lvirsim -lerrorinf -lsnpsmalloc -lvfs    -lvcsnew -lsimprofile -luclinative /usr/cad/synopsys/vcs/cur/linux64/lib/vcs_tls.o   -Wl,-whole-archive  -lvcsucli    -Wl,-no-whole-archive        _vcs_pli_stub_.o   /usr/cad/synopsys/vcs/cur/linux64/lib/vcs_save_restore_new.o /usr/cad/synopsys/verdi/cur/share/PLI/VCS/LINUX64/pli.a -ldl  -lc -lm -lpthread -ldl 
../simv up to date
make[2]: Leaving directory `/home/b10901193/DSD_Final/Src/csrc'
Chronologic VCS simulator copyright 1991-2020
Contains Synopsys proprietary information.
Compiler version R-2020.12-SP2_Full64; Runtime version R-2020.12-SP2_Full64;  Jun 17 13:54 2024
Doing SDF annotation ...... Done
-----------------------------------------------------

START!!! Simulation Start .....

CYCLE TIME is                    2 ns

-----------------------------------------------------

*Verdi* Loading libsscore_vcs201906.so
FSDB Dumper for VCS, Release Verdi_P-2019.06, Linux x86_64/64bit, 05/26/2019
(C) 1996 - 2019 by Synopsys, Inc.
***********************************************************************
*  ERROR -                                                            *
*  The simulator version is newer than the FSDB dumper version which  *
*  may cause abnormal behavior, please contact Synopsys support for   *
*  assistance.                                                        *
***********************************************************************
*Verdi* FSDB WARNING: The FSDB file already exists. Overwriting the FSDB file may crash the programs that are using this file.
*Verdi* : Create FSDB file 'Final.fsdb'
*Verdi* : Begin traversing the scope (Final_tb), layer (0).
*Verdi* : Enable +mda dumping.
*Verdi* : End of traversing.
*Verdi* : Begin traversing the scopes, layer (0).
*Verdi* : End of traversing.
-----------------------------------------------------

CACHE Informations: 

DCache Stalled Cycles: read          z, write          z

ICache Read Miss Rate: -nan%

ICache Stalled Cycles: read          z, write          z

-----------------------------------------------------

Branch Prediction Informations: 

Total prediction:          z

Prediction Correct:          x

Prediction Wrong:          z

Prediction Correct Rate: -nan%

-----------------------------------------------------

-----------------------------------------------------

CACHE Informations: 

DCache Stalled Cycles: read          z, write          z

ICache Read Miss Rate: -nan%

ICache Stalled Cycles: read          z, write          z

-----------------------------------------------------

Branch Prediction Informations: 

Total prediction:          z

Prediction Correct:          x

Prediction Wrong:          z

Prediction Correct Rate: -nan%

-----------------------------------------------------

--------------------------- Simulation FINISH !!---------------------------
============================================================================

 \(^o^)/ CONGRATULATIONS!!  The simulation result is PASS!!!

============================================================================
$finish called from file "Final_tb.v", line 320.
$finish at simulation time             63611250
           V C S   S i m u l a t i o n   R e p o r t 
Time: 63611250 ps
CPU Time:     12.890 seconds;       Data structure size:   6.2Mb
Mon Jun 17 13:55:02 2024
CPU time: 4.131 seconds to compile + 1.325 seconds to elab + .703 seconds to link + 12.946 seconds in simulation
# ncverilog Final_tb.v slow_memory.v ../Syn/CHIP_syn.v  -v /usr/cad/designkit/digital/T13/CBDK_IC_Contest_v2.5/Verilog/tsmc13_neg.v +access+wrc +v2k +define+Conv \
# +define+SDF  +define+SDF_FILE=\"../Syn/CHIP_syn.sdf\" +define+CYCLE=2.5 +neg_tchk
make[1]: Leaving directory `/home/b10901193/DSD_Final/Src'
